* installing *source* package ‘bw’ ...
** libs
clang++ -std=gnu++11 -I"/Library/Frameworks/R.framework/Resources/include" -DNDEBUG  -I"/Library/Frameworks/R.framework/Versions/3.5/Resources/library/Rcpp/include" -I/usr/local/include   -fPIC  -Wall -g -O2 -c RcppExports.cpp -o RcppExports.o
clang++ -std=gnu++11 -I"/Library/Frameworks/R.framework/Resources/include" -DNDEBUG  -I"/Library/Frameworks/R.framework/Versions/3.5/Resources/library/Rcpp/include" -I/usr/local/include   -fPIC  -Wall -g -O2 -c adult_weight.cpp -o adult_weight.o
clang++ -std=gnu++11 -I"/Library/Frameworks/R.framework/Resources/include" -DNDEBUG  -I"/Library/Frameworks/R.framework/Versions/3.5/Resources/library/Rcpp/include" -I/usr/local/include   -fPIC  -Wall -g -O2 -c adult_weight_wrapper.cpp -o adult_weight_wrapper.o
clang++ -std=gnu++11 -I"/Library/Frameworks/R.framework/Resources/include" -DNDEBUG  -I"/Library/Frameworks/R.framework/Versions/3.5/Resources/library/Rcpp/include" -I/usr/local/include   -fPIC  -Wall -g -O2 -c child_weight.cpp -o child_weight.o
clang++ -std=gnu++11 -I"/Library/Frameworks/R.framework/Resources/include" -DNDEBUG  -I"/Library/Frameworks/R.framework/Versions/3.5/Resources/library/Rcpp/include" -I/usr/local/include   -fPIC  -Wall -g -O2 -c child_weight_wrapper.cpp -o child_weight_wrapper.o
clang++ -std=gnu++11 -I"/Library/Frameworks/R.framework/Resources/include" -DNDEBUG  -I"/Library/Frameworks/R.framework/Versions/3.5/Resources/library/Rcpp/include" -I/usr/local/include   -fPIC  -Wall -g -O2 -c energy_build.cpp -o energy_build.o
clang++ -std=gnu++11 -dynamiclib -Wl,-headerpad_max_install_names -undefined dynamic_lookup -single_module -multiply_defined suppress -L/Library/Frameworks/R.framework/Resources/lib -L/usr/local/lib -o bw.so RcppExports.o adult_weight.o adult_weight_wrapper.o child_weight.o child_weight_wrapper.o energy_build.o -F/Library/Frameworks/R.framework/.. -framework R -Wl,-framework -Wl,CoreFoundation
if test -e "/usr/bin/strip" & test -e "/bin/uname" & [[ `uname` == "Linux" ]] ; then /usr/bin/strip --strip-debug bw.so; fi
installing to /Users/insp/Dropbox/INSP/HALL/bw package 2018 v2/bw.Rcheck/bw/libs
** R
** inst
** byte-compile and prepare package for lazy loading
** help
*** installing help indices
** building package indices
** installing vignettes
** testing if installed package can be loaded
* DONE (bw)
